<?xml version="1.0" encoding="UTF-8"?>
<testsuite xmlns:xsi="http://www.w3.org/2001/XMLSchema-instance" xsi:noNamespaceSchemaLocation="https://maven.apache.org/surefire/maven-surefire-plugin/xsd/surefire-test-report-3.0.xsd" version="3.0" name="com.es2.AtendimentoControllerTest" time="0.118" tests="7" errors="0" skipped="0" failures="0">
  <properties>
[...]
</properties>
  <testcase name="deveDeletarAtendimentoComSucesso" classname="com.es2.AtendimentoControllerTest" time="0.005">
    <system-out><![CDATA[2026-06-11T19:08:18.430-03:00  INFO 52012 --- [           main] t.c.s.AnnotationConfigContextLoaderUtils : Could not detect default configuration classes for test class [com.es2.AtendimentoControllerTest]: AtendimentoControllerTest does not declare any static, non-private, non-final, nested classes annotated with @Configuration.
2026-06-11T19:08:18.431-03:00  INFO 52012 --- [           main] .b.t.c.SpringBootTestContextBootstrapper : Found @SpringBootConfiguration com.es2.SistemaDeSaudeApplication for test class com.es2.AtendimentoControllerTest

  .   ____          _            __ _ _
 /\\ / ___'_ __ _ _(_)_ __  __ _ \ \ \ \
( ( )\___ | '_ | '_| | '_ \/ _` | \ \ \ \
 \\/  ___)| |_)| | | | | || (_| |  ) ) ) )
  '  |____| .__|_| |_|_| |_\__, | / / / /
 =========|_|==============|___/=/_/_/_/
 :: Spring Boot ::                (v3.2.0)

2026-06-11T19:08:18.438-03:00  INFO 52012 --- [           main] com.es2.AtendimentoControllerTest        : Starting AtendimentoControllerTest using Java 25 with PID 52012 (started by ana in /Users/ana/PUC/sistema_de_saude/backend)
2026-06-11T19:08:18.438-03:00  INFO 52012 --- [           main] com.es2.AtendimentoControllerTest        : No active profile set, falling back to 1 default profile: "default"
2026-06-11T19:08:18.513-03:00  INFO 52012 --- [           main] o.s.b.t.m.w.SpringBootMockServletContext : Initializing Spring TestDispatcherServlet ''
2026-06-11T19:08:18.513-03:00  INFO 52012 --- [           main] o.s.t.web.servlet.TestDispatcherServlet  : Initializing Servlet ''
2026-06-11T19:08:18.513-03:00  INFO 52012 --- [           main] o.s.t.web.servlet.TestDispatcherServlet  : Completed initialization in 0 ms
2026-06-11T19:08:18.514-03:00  INFO 52012 --- [           main] com.es2.AtendimentoControllerTest        : Started AtendimentoControllerTest in 0.082 seconds (process running for 2.066)
]]></system-out>
  </testcase>
  <testcase name="deveCriarAtendimentoComSucesso" classname="com.es2.AtendimentoControllerTest" time="0.011"/>
  <testcase name="deveRetornar404QuandoNaoEncontrar" classname="com.es2.AtendimentoControllerTest" time="0.001"/>
  <testcase name="deveListarAtendimentos" classname="com.es2.AtendimentoControllerTest" time="0.003"/>
  <testcase name="deveAtualizarAtendimentoComSucesso" classname="com.es2.AtendimentoControllerTest" time="0.003"/>
  <testcase name="deveRejeitarCriacaoSemTitulo" classname="com.es2.AtendimentoControllerTest" time="0.002">
    <system-out><![CDATA[2026-06-11T19:08:18.544-03:00  WARN 52012 --- [           main] .w.s.m.s.DefaultHandlerExceptionResolver : Resolved [org.springframework.web.bind.MethodArgumentNotValidException: Validation failed for argument [0] in public org.springframework.http.ResponseEntity<com.es2.model.Atendimento> com.es2.controller.AtendimentoController.criar(com.es2.model.Atendimento) with 3 errors: [Field error in object 'atendimento' on field 'horario': rejected value [null]; codes [NotNull.atendimento.horario,NotNull.horario,NotNull.java.time.LocalTime,NotNull]; arguments [org.springframework.context.support.DefaultMessageSourceResolvable: codes [atendimento.horario,horario]; arguments []; default message [horario]]; default message [Horário é obrigatório]] [Field error in object 'atendimento' on field 'data': rejected value [null]; codes [NotNull.atendimento.data,NotNull.data,NotNull.java.time.LocalDate,NotNull]; arguments [org.springframework.context.support.DefaultMessageSourceResolvable: codes [atendimento.data,data]; arguments []; default message [data]]; default message [Data é obrigatória]] [Field error in object 'atendimento' on field 'titulo': rejected value [null]; codes [NotBlank.atendimento.titulo,NotBlank.titulo,NotBlank.java.lang.String,NotBlank]; arguments [org.springframework.context.support.DefaultMessageSourceResolvable: codes [atendimento.titulo,titulo]; arguments []; default message [titulo]]; default message [Título é obrigatório]] ]
]]></system-out>
  </testcase>
  <testcase name="deveRetornar404AoAtualizarAtendimentoInexistente" classname="com.es2.AtendimentoControllerTest" time="0.002"/>
</testsuite>