<?xml version="1.0" encoding="UTF-8"?>
<coverage generated="1781216998358" clover="3.2.0">
  <project timestamp="1781216998358" name="All files">
    <metrics statements="142" coveredstatements="112" conditionals="32" coveredconditionals="28" methods="65" coveredmethods="43" elements="239" coveredelements="183" complexity="0" loc="142" ncloc="142" packages="3" files="9" classes="9"/>
    <package name="src">
      <metrics statements="3" coveredstatements="1" conditionals="0" coveredconditionals="0" methods="1" coveredmethods="1"/>
      <file name="App.js" path="/Users/ana/PUC/sistema_de_saude/frontend/src/App.js">
        <metrics statements="1" coveredstatements="1" conditionals="0" coveredconditionals="0" methods="1" coveredmethods="1"/>
        <line num="16" count="3" type="stmt"/>
      </file>
      <file name="index.js" path="/Users/ana/PUC/sistema_de_saude/frontend/src/index.js">
        <metrics statements="2" coveredstatements="0" conditionals="0" coveredconditionals="0" methods="0" coveredmethods="0"/>
        <line num="5" count="0" type="stmt"/>
        <line num="6" count="0" type="stmt"/>
      </file>
    </package>
    <package name="src.components">
      <metrics statements="119" coveredstatements="106" conditionals="32" coveredconditionals="28" methods="49" coveredmethods="42"/>
      <file name="AtendimentoForm.js" path="/Users/ana/PUC/sistema_de_saude/frontend/src/components/AtendimentoForm.js">
        <metrics statements="26" coveredstatements="22" conditionals="8" coveredconditionals="7" methods="12" coveredmethods="10"/>
        <line num="7" count="24" type="stmt"/>
        <line num="8" count="23" type="stmt"/>
        <line num="10" count="23" type="stmt"/>
        <line num="19" count="23" type="stmt"/>
        <line num="21" count="23" type="stmt"/>
        <line num="23" count="4" type="stmt"/>
        <line num="24" count="4" type="stmt"/>
        <line num="26" count="4" type="cond" truecount="2" falsecount="0"/>
        <line num="27" count="1" type="stmt"/>
        <line num="28" count="1" type="stmt"/>
        <line num="33" count="23" type="stmt"/>
        <line num="35" count="1" type="stmt"/>
        <line num="37" count="1" type="stmt"/>
        <line num="39" count="1" type="cond" truecount="1" falsecount="1"/>
        <line num="40" count="0" type="stmt"/>
        <line num="42" count="1" type="stmt"/>
        <line num="45" count="1" type="stmt"/>
        <line num="48" count="0" type="stmt"/>
        <line num="52" count="23" type="stmt"/>
        <line num="70" count="13" type="stmt"/>
        <line num="87" count="1" type="stmt"/>
        <line num="104" count="1" type="stmt"/>
        <line num="120" count="0" type="stmt"/>
        <line num="135" count="0" type="stmt"/>
        <line num="150" count="1" type="stmt"/>
        <line num="161" count="38" type="stmt"/>
      </file>
      <file name="AtendimentoList.js" path="/Users/ana/PUC/sistema_de_saude/frontend/src/components/AtendimentoList.js">
        <metrics statements="18" coveredstatements="17" conditionals="4" coveredconditionals="3" methods="6" coveredmethods="6"/>
        <line num="7" count="7" type="stmt"/>
        <line num="8" count="7" type="stmt"/>
        <line num="10" count="7" type="stmt"/>
        <line num="11" count="3" type="stmt"/>
        <line num="14" count="7" type="stmt"/>
        <line num="15" count="4" type="stmt"/>
        <line num="16" count="4" type="stmt"/>
        <line num="17" count="4" type="stmt"/>
        <line num="19" count="0" type="stmt"/>
        <line num="21" count="4" type="stmt"/>
        <line num="25" count="7" type="stmt"/>
        <line num="26" count="1" type="cond" truecount="1" falsecount="1"/>
        <line num="27" count="1" type="stmt"/>
        <line num="28" count="1" type="stmt"/>
        <line num="32" count="7" type="cond" truecount="2" falsecount="0"/>
        <line num="34" count="4" type="stmt"/>
        <line num="61" count="8" type="stmt"/>
        <line num="77" count="1" type="stmt"/>
      </file>
      <file name="ExameForm.js" path="/Users/ana/PUC/sistema_de_saude/frontend/src/components/ExameForm.js">
        <metrics statements="21" coveredstatements="19" conditionals="8" coveredconditionals="7" methods="9" coveredmethods="8"/>
        <line num="7" count="19" type="stmt"/>
        <line num="8" count="18" type="stmt"/>
        <line num="10" count="18" type="stmt"/>
        <line num="12" count="18" type="stmt"/>
        <line num="18" count="18" type="stmt"/>
        <line num="20" count="4" type="stmt"/>
        <line num="21" count="4" type="stmt"/>
        <line num="23" count="4" type="cond" truecount="2" falsecount="0"/>
        <line num="24" count="1" type="stmt"/>
        <line num="25" count="1" type="stmt"/>
        <line num="30" count="18" type="stmt"/>
        <line num="32" count="1" type="stmt"/>
        <line num="34" count="1" type="cond" truecount="1" falsecount="1"/>
        <line num="35" count="0" type="stmt"/>
        <line num="37" count="1" type="stmt"/>
        <line num="40" count="1" type="stmt"/>
        <line num="43" count="18" type="stmt"/>
        <line num="61" count="10" type="stmt"/>
        <line num="78" count="0" type="stmt"/>
        <line num="94" count="1" type="stmt"/>
        <line num="106" count="28" type="stmt"/>
      </file>
      <file name="ExameList.js" path="/Users/ana/PUC/sistema_de_saude/frontend/src/components/ExameList.js">
        <metrics statements="12" coveredstatements="12" conditionals="0" coveredconditionals="0" methods="6" coveredmethods="6"/>
        <line num="7" count="7" type="stmt"/>
        <line num="9" count="6" type="stmt"/>
        <line num="10" count="3" type="stmt"/>
        <line num="13" count="6" type="stmt"/>
        <line num="14" count="4" type="stmt"/>
        <line num="15" count="4" type="stmt"/>
        <line num="18" count="6" type="stmt"/>
        <line num="19" count="1" type="stmt"/>
        <line num="20" count="1" type="stmt"/>
        <line num="23" count="6" type="stmt"/>
        <line num="51" count="6" type="stmt"/>
        <line num="68" count="1" type="stmt"/>
      </file>
      <file name="ProfissionalForm.js" path="/Users/ana/PUC/sistema_de_saude/frontend/src/components/ProfissionalForm.js">
        <metrics statements="22" coveredstatements="17" conditionals="6" coveredconditionals="6" methods="10" coveredmethods="6"/>
        <line num="7" count="30" type="stmt"/>
        <line num="8" count="30" type="stmt"/>
        <line num="10" count="30" type="stmt"/>
        <line num="18" count="30" type="stmt"/>
        <line num="19" count="4" type="cond" truecount="2" falsecount="0"/>
        <line num="20" count="2" type="stmt"/>
        <line num="21" count="2" type="stmt"/>
        <line num="25" count="30" type="stmt"/>
        <line num="26" count="2" type="stmt"/>
        <line num="28" count="2" type="stmt"/>
        <line num="30" count="2" type="cond" truecount="2" falsecount="0"/>
        <line num="31" count="1" type="stmt"/>
        <line num="33" count="1" type="stmt"/>
        <line num="36" count="2" type="stmt"/>
        <line num="39" count="0" type="stmt"/>
        <line num="43" count="30" type="stmt"/>
        <line num="61" count="23" type="stmt"/>
        <line num="77" count="0" type="stmt"/>
        <line num="93" count="0" type="stmt"/>
        <line num="109" count="0" type="stmt"/>
        <line num="125" count="1" type="stmt"/>
        <line num="148" count="0" type="stmt"/>
      </file>
      <file name="ProfissionalList.js" path="/Users/ana/PUC/sistema_de_saude/frontend/src/components/ProfissionalList.js">
        <metrics statements="20" coveredstatements="19" conditionals="6" coveredconditionals="5" methods="6" coveredmethods="6"/>
        <line num="7" count="12" type="stmt"/>
        <line num="8" count="11" type="stmt"/>
        <line num="10" count="11" type="stmt"/>
        <line num="11" count="6" type="stmt"/>
        <line num="14" count="11" type="stmt"/>
        <line num="15" count="7" type="stmt"/>
        <line num="16" count="7" type="stmt"/>
        <line num="17" count="7" type="stmt"/>
        <line num="19" count="2" type="stmt"/>
        <line num="21" count="7" type="stmt"/>
        <line num="25" count="11" type="stmt"/>
        <line num="26" count="1" type="cond" truecount="1" falsecount="1"/>
        <line num="27" count="1" type="stmt"/>
        <line num="28" count="1" type="stmt"/>
        <line num="29" count="1" type="stmt"/>
        <line num="31" count="0" type="stmt"/>
        <line num="36" count="11" type="cond" truecount="2" falsecount="0"/>
        <line num="38" count="5" type="stmt"/>
        <line num="66" count="8" type="stmt"/>
        <line num="82" count="1" type="stmt"/>
      </file>
    </package>
    <package name="src.services">
      <metrics statements="20" coveredstatements="5" conditionals="0" coveredconditionals="0" methods="15" coveredmethods="0"/>
      <file name="api.js" path="/Users/ana/PUC/sistema_de_saude/frontend/src/services/api.js">
        <metrics statements="20" coveredstatements="5" conditionals="0" coveredconditionals="0" methods="15" coveredmethods="0"/>
        <line num="3" count="7" type="stmt"/>
        <line num="5" count="7" type="stmt"/>
        <line num="10" count="7" type="stmt"/>
        <line num="11" count="0" type="stmt"/>
        <line num="12" count="0" type="stmt"/>
        <line num="13" count="0" type="stmt"/>
        <line num="14" count="0" type="stmt"/>
        <line num="15" count="0" type="stmt"/>
        <line num="18" count="7" type="stmt"/>
        <line num="19" count="0" type="stmt"/>
        <line num="20" count="0" type="stmt"/>
        <line num="21" count="0" type="stmt"/>
        <line num="22" count="0" type="stmt"/>
        <line num="23" count="0" type="stmt"/>
        <line num="26" count="7" type="stmt"/>
        <line num="27" count="0" type="stmt"/>
        <line num="28" count="0" type="stmt"/>
        <line num="29" count="0" type="stmt"/>
        <line num="30" count="0" type="stmt"/>
        <line num="31" count="0" type="stmt"/>
      </file>
    </package>
  </project>
</coverage>
