{"/Users/ana/PUC/sistema_de_saude/frontend/src/App.js": {"path":"/Users/ana/PUC/sistema_de_saude/frontend/src/App.js","statementMap":{"0":{"start":{"line":16,"column":2},"end":{"line":68,"column":4}}},"fnMap":{"0":{"name":"App","decl":{"start":{"line":15,"column":9},"end":{"line":15,"column":12}},"loc":{"start":{"line":15,"column":15},"end":{"line":69,"column":1}},"line":15}},"branchMap":{},"s":{"0":3},"f":{"0":3},"b":{},"_coverageSchema":"1a1c01bbd47fc00a2c39e90264f33305004495a9","hash":"0a1c3582ec052dc00fd00ca2533c898d66d8eb0f"}
,"/Users/ana/PUC/sistema_de_saude/frontend/src/index.js": {"path":"/Users/ana/PUC/sistema_de_saude/frontend/src/index.js","statementMap":{"0":{"start":{"line":5,"column":13},"end":{"line":5,"column":65}},"1":{"start":{"line":6,"column":0},"end":{"line":10,"column":2}}},"fnMap":{},"branchMap":{},"s":{"0":0,"1":0},"f":{},"b":{}}
,"/Users/ana/PUC/sistema_de_saude/frontend/src/components/AtendimentoForm.js": {"path":"/Users/ana/PUC/sistema_de_saude/frontend/src/components/AtendimentoForm.js","statementMap":{"0":{"start":{"line":7,"column":19},"end":{"line":7,"column":32}},"1":{"start":{"line":8,"column":17},"end":{"line":8,"column":28}},"2":{"start":{"line":10,"column":40},"end":{"line":17,"column":4}},"3":{"start":{"line":19,"column":44},"end":{"line":19,"column":56}},"4":{"start":{"line":21,"column":2},"end":{"line":31,"column":11}},"5":{"start":{"line":23,"column":4},"end":{"line":24,"column":57}},"6":{"start":{"line":24,"column":24},"end":{"line":24,"column":55}},"7":{"start":{"line":26,"column":4},"end":{"line":29,"column":5}},"8":{"start":{"line":27,"column":6},"end":{"line":28,"column":57}},"9":{"start":{"line":28,"column":26},"end":{"line":28,"column":55}},"10":{"start":{"line":33,"column":23},"end":{"line":50,"column":3}},"11":{"start":{"line":35,"column":4},"end":{"line":35,"column":23}},"12":{"start":{"line":37,"column":4},"end":{"line":49,"column":5}},"13":{"start":{"line":39,"column":6},"end":{"line":43,"column":7}},"14":{"start":{"line":40,"column":8},"end":{"line":40,"column":60}},"15":{"start":{"line":42,"column":8},"end":{"line":42,"column":52}},"16":{"start":{"line":45,"column":6},"end":{"line":45,"column":32}},"17":{"start":{"line":48,"column":6},"end":{"line":48,"column":27}},"18":{"start":{"line":52,"column":2},"end":{"line":178,"column":4}},"19":{"start":{"line":70,"column":14},"end":{"line":73,"column":16}},"20":{"start":{"line":87,"column":14},"end":{"line":90,"column":16}},"21":{"start":{"line":104,"column":14},"end":{"line":107,"column":16}},"22":{"start":{"line":120,"column":14},"end":{"line":123,"column":16}},"23":{"start":{"line":135,"column":14},"end":{"line":138,"column":16}},"24":{"start":{"line":150,"column":14},"end":{"line":155,"column":16}},"25":{"start":{"line":161,"column":14},"end":{"line":163,"column":23}}},"fnMap":{"0":{"name":"AtendimentoForm","decl":{"start":{"line":5,"column":9},"end":{"line":5,"column":24}},"loc":{"start":{"line":5,"column":27},"end":{"line":179,"column":1}},"line":5},"1":{"name":"(anonymous_1)","decl":{"start":{"line":21,"column":12},"end":{"line":21,"column":13}},"loc":{"start":{"line":21,"column":18},"end":{"line":31,"column":3}},"line":21},"2":{"name":"(anonymous_2)","decl":{"start":{"line":24,"column":12},"end":{"line":24,"column":13}},"loc":{"start":{"line":24,"column":24},"end":{"line":24,"column":55}},"line":24},"3":{"name":"(anonymous_3)","decl":{"start":{"line":28,"column":14},"end":{"line":28,"column":15}},"loc":{"start":{"line":28,"column":26},"end":{"line":28,"column":55}},"line":28},"4":{"name":"(anonymous_4)","decl":{"start":{"line":33,"column":23},"end":{"line":33,"column":24}},"loc":{"start":{"line":33,"column":36},"end":{"line":50,"column":3}},"line":33},"5":{"name":"(anonymous_5)","decl":{"start":{"line":69,"column":22},"end":{"line":69,"column":23}},"loc":{"start":{"line":70,"column":14},"end":{"line":73,"column":16}},"line":70},"6":{"name":"(anonymous_6)","decl":{"start":{"line":86,"column":22},"end":{"line":86,"column":23}},"loc":{"start":{"line":87,"column":14},"end":{"line":90,"column":16}},"line":87},"7":{"name":"(anonymous_7)","decl":{"start":{"line":103,"column":22},"end":{"line":103,"column":23}},"loc":{"start":{"line":104,"column":14},"end":{"line":107,"column":16}},"line":104},"8":{"name":"(anonymous_8)","decl":{"start":{"line":119,"column":22},"end":{"line":119,"column":23}},"loc":{"start":{"line":120,"column":14},"end":{"line":123,"column":16}},"line":120},"9":{"name":"(anonymous_9)","decl":{"start":{"line":134,"column":22},"end":{"line":134,"column":23}},"loc":{"start":{"line":135,"column":14},"end":{"line":138,"column":16}},"line":135},"10":{"name":"(anonymous_10)","decl":{"start":{"line":149,"column":22},"end":{"line":149,"column":23}},"loc":{"start":{"line":150,"column":14},"end":{"line":155,"column":16}},"line":150},"11":{"name":"(anonymous_11)","decl":{"start":{"line":160,"column":31},"end":{"line":160,"column":32}},"loc":{"start":{"line":161,"column":14},"end":{"line":163,"column":23}},"line":161}},"branchMap":{"0":{"loc":{"start":{"line":26,"column":4},"end":{"line":29,"column":5}},"type":"if","locations":[{"start":{"line":26,"column":4},"end":{"line":29,"column":5}},{"start":{},"end":{}}],"line":26},"1":{"loc":{"start":{"line":39,"column":6},"end":{"line":43,"column":7}},"type":"if","locations":[{"start":{"line":39,"column":6},"end":{"line":43,"column":7}},{"start":{"line":41,"column":13},"end":{"line":43,"column":7}}],"line":39},"2":{"loc":{"start":{"line":56,"column":9},"end":{"line":56,"column":55}},"type":"cond-expr","locations":[{"start":{"line":56,"column":14},"end":{"line":56,"column":34}},{"start":{"line":56,"column":37},"end":{"line":56,"column":55}}],"line":56},"3":{"loc":{"start":{"line":148,"column":19},"end":{"line":148,"column":58}},"type":"binary-expr","locations":[{"start":{"line":148,"column":19},"end":{"line":148,"column":52}},{"start":{"line":148,"column":56},"end":{"line":148,"column":58}}],"line":148}},"s":{"0":24,"1":23,"2":23,"3":23,"4":23,"5":4,"6":4,"7":4,"8":1,"9":1,"10":23,"11":1,"12":1,"13":1,"14":0,"15":1,"16":1,"17":0,"18":23,"19":13,"20":1,"21":1,"22":0,"23":0,"24":1,"25":38},"f":{"0":24,"1":4,"2":4,"3":1,"4":1,"5":13,"6":1,"7":1,"8":0,"9":0,"10":1,"11":38},"b":{"0":[1,3],"1":[0,1],"2":[2,21],"3":[23,21]},"_coverageSchema":"1a1c01bbd47fc00a2c39e90264f33305004495a9","hash":"02b83e97d3d022ee26eabeed93bfbd6e898e70de"}
,"/Users/ana/PUC/sistema_de_saude/frontend/src/components/AtendimentoList.js": {"path":"/Users/ana/PUC/sistema_de_saude/frontend/src/components/AtendimentoList.js","statementMap":{"0":{"start":{"line":7,"column":42},"end":{"line":7,"column":54}},"1":{"start":{"line":8,"column":32},"end":{"line":8,"column":46}},"2":{"start":{"line":10,"column":2},"end":{"line":12,"column":9}},"3":{"start":{"line":11,"column":4},"end":{"line":11,"column":27}},"4":{"start":{"line":14,"column":31},"end":{"line":23,"column":3}},"5":{"start":{"line":15,"column":4},"end":{"line":22,"column":5}},"6":{"start":{"line":16,"column":23},"end":{"line":16,"column":56}},"7":{"start":{"line":17,"column":6},"end":{"line":17,"column":37}},"8":{"start":{"line":19,"column":6},"end":{"line":19,"column":27}},"9":{"start":{"line":21,"column":6},"end":{"line":21,"column":24}},"10":{"start":{"line":25,"column":29},"end":{"line":30,"column":3}},"11":{"start":{"line":26,"column":4},"end":{"line":29,"column":5}},"12":{"start":{"line":27,"column":6},"end":{"line":27,"column":43}},"13":{"start":{"line":28,"column":6},"end":{"line":28,"column":29}},"14":{"start":{"line":32,"column":2},"end":{"line":32,"column":43}},"15":{"start":{"line":32,"column":15},"end":{"line":32,"column":43}},"16":{"start":{"line":34,"column":2},"end":{"line":90,"column":4}},"17":{"start":{"line":61,"column":12},"end":{"line":84,"column":17}},"18":{"start":{"line":77,"column":33},"end":{"line":77,"column":67}}},"fnMap":{"0":{"name":"AtendimentoList","decl":{"start":{"line":5,"column":9},"end":{"line":5,"column":24}},"loc":{"start":{"line":5,"column":27},"end":{"line":91,"column":1}},"line":5},"1":{"name":"(anonymous_1)","decl":{"start":{"line":10,"column":12},"end":{"line":10,"column":13}},"loc":{"start":{"line":10,"column":18},"end":{"line":12,"column":3}},"line":10},"2":{"name":"(anonymous_2)","decl":{"start":{"line":14,"column":31},"end":{"line":14,"column":32}},"loc":{"start":{"line":14,"column":43},"end":{"line":23,"column":3}},"line":14},"3":{"name":"(anonymous_3)","decl":{"start":{"line":25,"column":29},"end":{"line":25,"column":30}},"loc":{"start":{"line":25,"column":43},"end":{"line":30,"column":3}},"line":25},"4":{"name":"(anonymous_4)","decl":{"start":{"line":60,"column":28},"end":{"line":60,"column":29}},"loc":{"start":{"line":61,"column":12},"end":{"line":84,"column":17}},"line":61},"5":{"name":"(anonymous_5)","decl":{"start":{"line":77,"column":27},"end":{"line":77,"column":28}},"loc":{"start":{"line":77,"column":33},"end":{"line":77,"column":67}},"line":77}},"branchMap":{"0":{"loc":{"start":{"line":26,"column":4},"end":{"line":29,"column":5}},"type":"if","locations":[{"start":{"line":26,"column":4},"end":{"line":29,"column":5}},{"start":{},"end":{}}],"line":26},"1":{"loc":{"start":{"line":32,"column":2},"end":{"line":32,"column":43}},"type":"if","locations":[{"start":{"line":32,"column":2},"end":{"line":32,"column":43}},{"start":{},"end":{}}],"line":32}},"s":{"0":7,"1":7,"2":7,"3":3,"4":7,"5":4,"6":4,"7":4,"8":0,"9":4,"10":7,"11":1,"12":1,"13":1,"14":7,"15":3,"16":4,"17":8,"18":1},"f":{"0":7,"1":3,"2":4,"3":1,"4":8,"5":1},"b":{"0":[1,0],"1":[3,4]},"_coverageSchema":"1a1c01bbd47fc00a2c39e90264f33305004495a9","hash":"057b82410fef3f4d7fe6f73ee724c6f627d2c58e"}
,"/Users/ana/PUC/sistema_de_saude/frontend/src/components/ExameForm.js": {"path":"/Users/ana/PUC/sistema_de_saude/frontend/src/components/ExameForm.js","statementMap":{"0":{"start":{"line":7,"column":19},"end":{"line":7,"column":32}},"1":{"start":{"line":8,"column":17},"end":{"line":8,"column":28}},"2":{"start":{"line":10,"column":42},"end":{"line":10,"column":54}},"3":{"start":{"line":12,"column":28},"end":{"line":16,"column":4}},"4":{"start":{"line":18,"column":2},"end":{"line":28,"column":11}},"5":{"start":{"line":20,"column":4},"end":{"line":21,"column":56}},"6":{"start":{"line":21,"column":24},"end":{"line":21,"column":54}},"7":{"start":{"line":23,"column":4},"end":{"line":26,"column":5}},"8":{"start":{"line":24,"column":6},"end":{"line":25,"column":51}},"9":{"start":{"line":25,"column":26},"end":{"line":25,"column":49}},"10":{"start":{"line":30,"column":23},"end":{"line":41,"column":3}},"11":{"start":{"line":32,"column":4},"end":{"line":32,"column":23}},"12":{"start":{"line":34,"column":4},"end":{"line":38,"column":5}},"13":{"start":{"line":35,"column":6},"end":{"line":35,"column":46}},"14":{"start":{"line":37,"column":6},"end":{"line":37,"column":38}},"15":{"start":{"line":40,"column":4},"end":{"line":40,"column":24}},"16":{"start":{"line":43,"column":2},"end":{"line":125,"column":4}},"17":{"start":{"line":61,"column":14},"end":{"line":64,"column":16}},"18":{"start":{"line":78,"column":14},"end":{"line":81,"column":16}},"19":{"start":{"line":94,"column":14},"end":{"line":99,"column":16}},"20":{"start":{"line":106,"column":14},"end":{"line":108,"column":23}}},"fnMap":{"0":{"name":"ExameForm","decl":{"start":{"line":5,"column":9},"end":{"line":5,"column":18}},"loc":{"start":{"line":5,"column":21},"end":{"line":126,"column":1}},"line":5},"1":{"name":"(anonymous_1)","decl":{"start":{"line":18,"column":12},"end":{"line":18,"column":13}},"loc":{"start":{"line":18,"column":18},"end":{"line":28,"column":3}},"line":18},"2":{"name":"(anonymous_2)","decl":{"start":{"line":21,"column":12},"end":{"line":21,"column":13}},"loc":{"start":{"line":21,"column":24},"end":{"line":21,"column":54}},"line":21},"3":{"name":"(anonymous_3)","decl":{"start":{"line":25,"column":14},"end":{"line":25,"column":15}},"loc":{"start":{"line":25,"column":26},"end":{"line":25,"column":49}},"line":25},"4":{"name":"(anonymous_4)","decl":{"start":{"line":30,"column":23},"end":{"line":30,"column":24}},"loc":{"start":{"line":30,"column":36},"end":{"line":41,"column":3}},"line":30},"5":{"name":"(anonymous_5)","decl":{"start":{"line":60,"column":22},"end":{"line":60,"column":23}},"loc":{"start":{"line":61,"column":14},"end":{"line":64,"column":16}},"line":61},"6":{"name":"(anonymous_6)","decl":{"start":{"line":77,"column":22},"end":{"line":77,"column":23}},"loc":{"start":{"line":78,"column":14},"end":{"line":81,"column":16}},"line":78},"7":{"name":"(anonymous_7)","decl":{"start":{"line":93,"column":22},"end":{"line":93,"column":23}},"loc":{"start":{"line":94,"column":14},"end":{"line":99,"column":16}},"line":94},"8":{"name":"(anonymous_8)","decl":{"start":{"line":105,"column":30},"end":{"line":105,"column":31}},"loc":{"start":{"line":106,"column":14},"end":{"line":108,"column":23}},"line":106}},"branchMap":{"0":{"loc":{"start":{"line":23,"column":4},"end":{"line":26,"column":5}},"type":"if","locations":[{"start":{"line":23,"column":4},"end":{"line":26,"column":5}},{"start":{},"end":{}}],"line":23},"1":{"loc":{"start":{"line":34,"column":4},"end":{"line":38,"column":5}},"type":"if","locations":[{"start":{"line":34,"column":4},"end":{"line":38,"column":5}},{"start":{"line":36,"column":11},"end":{"line":38,"column":5}}],"line":34},"2":{"loc":{"start":{"line":47,"column":9},"end":{"line":47,"column":43}},"type":"cond-expr","locations":[{"start":{"line":47,"column":14},"end":{"line":47,"column":28}},{"start":{"line":47,"column":31},"end":{"line":47,"column":43}}],"line":47},"3":{"loc":{"start":{"line":92,"column":19},"end":{"line":92,"column":46}},"type":"binary-expr","locations":[{"start":{"line":92,"column":19},"end":{"line":92,"column":40}},{"start":{"line":92,"column":44},"end":{"line":92,"column":46}}],"line":92}},"s":{"0":19,"1":18,"2":18,"3":18,"4":18,"5":4,"6":4,"7":4,"8":1,"9":1,"10":18,"11":1,"12":1,"13":0,"14":1,"15":1,"16":18,"17":10,"18":0,"19":1,"20":28},"f":{"0":19,"1":4,"2":4,"3":1,"4":1,"5":10,"6":0,"7":1,"8":28},"b":{"0":[1,3],"1":[0,1],"2":[2,16],"3":[18,16]},"_coverageSchema":"1a1c01bbd47fc00a2c39e90264f33305004495a9","hash":"deb8405baafcd0359a8c763a586c892bb2b4d707"}
,"/Users/ana/PUC/sistema_de_saude/frontend/src/components/ExameList.js": {"path":"/Users/ana/PUC/sistema_de_saude/frontend/src/components/ExameList.js","statementMap":{"0":{"start":{"line":7,"column":30},"end":{"line":7,"column":42}},"1":{"start":{"line":9,"column":2},"end":{"line":11,"column":9}},"2":{"start":{"line":10,"column":4},"end":{"line":10,"column":21}},"3":{"start":{"line":13,"column":25},"end":{"line":16,"column":3}},"4":{"start":{"line":14,"column":21},"end":{"line":14,"column":48}},"5":{"start":{"line":15,"column":4},"end":{"line":15,"column":29}},"6":{"start":{"line":18,"column":18},"end":{"line":21,"column":3}},"7":{"start":{"line":19,"column":4},"end":{"line":19,"column":35}},"8":{"start":{"line":20,"column":4},"end":{"line":20,"column":21}},"9":{"start":{"line":23,"column":2},"end":{"line":83,"column":4}},"10":{"start":{"line":51,"column":12},"end":{"line":75,"column":17}},"11":{"start":{"line":68,"column":33},"end":{"line":68,"column":50}}},"fnMap":{"0":{"name":"ExameList","decl":{"start":{"line":5,"column":9},"end":{"line":5,"column":18}},"loc":{"start":{"line":5,"column":21},"end":{"line":84,"column":1}},"line":5},"1":{"name":"(anonymous_1)","decl":{"start":{"line":9,"column":12},"end":{"line":9,"column":13}},"loc":{"start":{"line":9,"column":18},"end":{"line":11,"column":3}},"line":9},"2":{"name":"(anonymous_2)","decl":{"start":{"line":13,"column":25},"end":{"line":13,"column":26}},"loc":{"start":{"line":13,"column":37},"end":{"line":16,"column":3}},"line":13},"3":{"name":"(anonymous_3)","decl":{"start":{"line":18,"column":18},"end":{"line":18,"column":19}},"loc":{"start":{"line":18,"column":32},"end":{"line":21,"column":3}},"line":18},"4":{"name":"(anonymous_4)","decl":{"start":{"line":50,"column":22},"end":{"line":50,"column":23}},"loc":{"start":{"line":51,"column":12},"end":{"line":75,"column":17}},"line":51},"5":{"name":"(anonymous_5)","decl":{"start":{"line":68,"column":27},"end":{"line":68,"column":28}},"loc":{"start":{"line":68,"column":33},"end":{"line":68,"column":50}},"line":68}},"branchMap":{},"s":{"0":7,"1":6,"2":3,"3":6,"4":4,"5":4,"6":6,"7":1,"8":1,"9":6,"10":6,"11":1},"f":{"0":7,"1":3,"2":4,"3":1,"4":6,"5":1},"b":{},"_coverageSchema":"1a1c01bbd47fc00a2c39e90264f33305004495a9","hash":"cfd08b3b0a6e7c36aadc4b7813c104e2676c55a9"}
,"/Users/ana/PUC/sistema_de_saude/frontend/src/components/ProfissionalForm.js": {"path":"/Users/ana/PUC/sistema_de_saude/frontend/src/components/ProfissionalForm.js","statementMap":{"0":{"start":{"line":7,"column":19},"end":{"line":7,"column":32}},"1":{"start":{"line":8,"column":17},"end":{"line":8,"column":28}},"2":{"start":{"line":10,"column":42},"end":{"line":16,"column":4}},"3":{"start":{"line":18,"column":2},"end":{"line":23,"column":11}},"4":{"start":{"line":19,"column":4},"end":{"line":22,"column":5}},"5":{"start":{"line":20,"column":6},"end":{"line":21,"column":58}},"6":{"start":{"line":21,"column":26},"end":{"line":21,"column":56}},"7":{"start":{"line":25,"column":23},"end":{"line":41,"column":3}},"8":{"start":{"line":26,"column":4},"end":{"line":26,"column":23}},"9":{"start":{"line":28,"column":4},"end":{"line":40,"column":5}},"10":{"start":{"line":30,"column":6},"end":{"line":34,"column":7}},"11":{"start":{"line":31,"column":8},"end":{"line":31,"column":62}},"12":{"start":{"line":33,"column":8},"end":{"line":33,"column":54}},"13":{"start":{"line":36,"column":6},"end":{"line":36,"column":33}},"14":{"start":{"line":39,"column":6},"end":{"line":39,"column":59}},"15":{"start":{"line":43,"column":2},"end":{"line":155,"column":4}},"16":{"start":{"line":61,"column":14},"end":{"line":64,"column":16}},"17":{"start":{"line":77,"column":14},"end":{"line":80,"column":16}},"18":{"start":{"line":93,"column":14},"end":{"line":96,"column":16}},"19":{"start":{"line":109,"column":14},"end":{"line":112,"column":16}},"20":{"start":{"line":125,"column":14},"end":{"line":128,"column":16}},"21":{"start":{"line":148,"column":25},"end":{"line":148,"column":51}}},"fnMap":{"0":{"name":"ProfissionalForm","decl":{"start":{"line":5,"column":9},"end":{"line":5,"column":25}},"loc":{"start":{"line":5,"column":28},"end":{"line":156,"column":1}},"line":5},"1":{"name":"(anonymous_1)","decl":{"start":{"line":18,"column":12},"end":{"line":18,"column":13}},"loc":{"start":{"line":18,"column":18},"end":{"line":23,"column":3}},"line":18},"2":{"name":"(anonymous_2)","decl":{"start":{"line":21,"column":14},"end":{"line":21,"column":15}},"loc":{"start":{"line":21,"column":26},"end":{"line":21,"column":56}},"line":21},"3":{"name":"(anonymous_3)","decl":{"start":{"line":25,"column":23},"end":{"line":25,"column":24}},"loc":{"start":{"line":25,"column":36},"end":{"line":41,"column":3}},"line":25},"4":{"name":"(anonymous_4)","decl":{"start":{"line":60,"column":22},"end":{"line":60,"column":23}},"loc":{"start":{"line":61,"column":14},"end":{"line":64,"column":16}},"line":61},"5":{"name":"(anonymous_5)","decl":{"start":{"line":76,"column":22},"end":{"line":76,"column":23}},"loc":{"start":{"line":77,"column":14},"end":{"line":80,"column":16}},"line":77},"6":{"name":"(anonymous_6)","decl":{"start":{"line":92,"column":22},"end":{"line":92,"column":23}},"loc":{"start":{"line":93,"column":14},"end":{"line":96,"column":16}},"line":93},"7":{"name":"(anonymous_7)","decl":{"start":{"line":108,"column":22},"end":{"line":108,"column":23}},"loc":{"start":{"line":109,"column":14},"end":{"line":112,"column":16}},"line":109},"8":{"name":"(anonymous_8)","decl":{"start":{"line":124,"column":22},"end":{"line":124,"column":23}},"loc":{"start":{"line":125,"column":14},"end":{"line":128,"column":16}},"line":125},"9":{"name":"(anonymous_9)","decl":{"start":{"line":148,"column":19},"end":{"line":148,"column":20}},"loc":{"start":{"line":148,"column":25},"end":{"line":148,"column":51}},"line":148}},"branchMap":{"0":{"loc":{"start":{"line":19,"column":4},"end":{"line":22,"column":5}},"type":"if","locations":[{"start":{"line":19,"column":4},"end":{"line":22,"column":5}},{"start":{},"end":{}}],"line":19},"1":{"loc":{"start":{"line":30,"column":6},"end":{"line":34,"column":7}},"type":"if","locations":[{"start":{"line":30,"column":6},"end":{"line":34,"column":7}},{"start":{"line":32,"column":13},"end":{"line":34,"column":7}}],"line":30},"2":{"loc":{"start":{"line":47,"column":9},"end":{"line":47,"column":57}},"type":"cond-expr","locations":[{"start":{"line":47,"column":14},"end":{"line":47,"column":35}},{"start":{"line":47,"column":38},"end":{"line":47,"column":57}}],"line":47}},"s":{"0":30,"1":30,"2":30,"3":30,"4":4,"5":2,"6":2,"7":30,"8":2,"9":2,"10":2,"11":1,"12":1,"13":2,"14":0,"15":30,"16":23,"17":0,"18":0,"19":0,"20":1,"21":0},"f":{"0":30,"1":4,"2":2,"3":2,"4":23,"5":0,"6":0,"7":0,"8":1,"9":0},"b":{"0":[2,2],"1":[1,1],"2":[18,12]},"_coverageSchema":"1a1c01bbd47fc00a2c39e90264f33305004495a9","hash":"b05b2c17fc54f83bdb7519efa377721be4b95c31"}
,"/Users/ana/PUC/sistema_de_saude/frontend/src/components/ProfissionalList.js": {"path":"/Users/ana/PUC/sistema_de_saude/frontend/src/components/ProfissionalList.js","statementMap":{"0":{"start":{"line":7,"column":44},"end":{"line":7,"column":56}},"1":{"start":{"line":8,"column":32},"end":{"line":8,"column":46}},"2":{"start":{"line":10,"column":2},"end":{"line":12,"column":9}},"3":{"start":{"line":11,"column":4},"end":{"line":11,"column":28}},"4":{"start":{"line":14,"column":32},"end":{"line":23,"column":3}},"5":{"start":{"line":15,"column":4},"end":{"line":22,"column":5}},"6":{"start":{"line":16,"column":23},"end":{"line":16,"column":57}},"7":{"start":{"line":17,"column":6},"end":{"line":17,"column":38}},"8":{"start":{"line":19,"column":6},"end":{"line":19,"column":62}},"9":{"start":{"line":21,"column":6},"end":{"line":21,"column":24}},"10":{"start":{"line":25,"column":30},"end":{"line":34,"column":3}},"11":{"start":{"line":26,"column":4},"end":{"line":33,"column":5}},"12":{"start":{"line":27,"column":6},"end":{"line":32,"column":7}},"13":{"start":{"line":28,"column":8},"end":{"line":28,"column":46}},"14":{"start":{"line":29,"column":8},"end":{"line":29,"column":32}},"15":{"start":{"line":31,"column":8},"end":{"line":31,"column":62}},"16":{"start":{"line":36,"column":2},"end":{"line":36,"column":43}},"17":{"start":{"line":36,"column":15},"end":{"line":36,"column":43}},"18":{"start":{"line":38,"column":2},"end":{"line":98,"column":4}},"19":{"start":{"line":66,"column":12},"end":{"line":89,"column":17}},"20":{"start":{"line":82,"column":33},"end":{"line":82,"column":61}}},"fnMap":{"0":{"name":"ProfissionalList","decl":{"start":{"line":5,"column":9},"end":{"line":5,"column":25}},"loc":{"start":{"line":5,"column":28},"end":{"line":99,"column":1}},"line":5},"1":{"name":"(anonymous_1)","decl":{"start":{"line":10,"column":12},"end":{"line":10,"column":13}},"loc":{"start":{"line":10,"column":18},"end":{"line":12,"column":3}},"line":10},"2":{"name":"(anonymous_2)","decl":{"start":{"line":14,"column":32},"end":{"line":14,"column":33}},"loc":{"start":{"line":14,"column":44},"end":{"line":23,"column":3}},"line":14},"3":{"name":"(anonymous_3)","decl":{"start":{"line":25,"column":30},"end":{"line":25,"column":31}},"loc":{"start":{"line":25,"column":44},"end":{"line":34,"column":3}},"line":25},"4":{"name":"(anonymous_4)","decl":{"start":{"line":65,"column":29},"end":{"line":65,"column":30}},"loc":{"start":{"line":66,"column":12},"end":{"line":89,"column":17}},"line":66},"5":{"name":"(anonymous_5)","decl":{"start":{"line":82,"column":27},"end":{"line":82,"column":28}},"loc":{"start":{"line":82,"column":33},"end":{"line":82,"column":61}},"line":82}},"branchMap":{"0":{"loc":{"start":{"line":26,"column":4},"end":{"line":33,"column":5}},"type":"if","locations":[{"start":{"line":26,"column":4},"end":{"line":33,"column":5}},{"start":{},"end":{}}],"line":26},"1":{"loc":{"start":{"line":36,"column":2},"end":{"line":36,"column":43}},"type":"if","locations":[{"start":{"line":36,"column":2},"end":{"line":36,"column":43}},{"start":{},"end":{}}],"line":36},"2":{"loc":{"start":{"line":95,"column":7},"end":{"line":96,"column":46}},"type":"binary-expr","locations":[{"start":{"line":95,"column":7},"end":{"line":95,"column":33}},{"start":{"line":96,"column":8},"end":{"line":96,"column":46}}],"line":95}},"s":{"0":12,"1":11,"2":11,"3":6,"4":11,"5":7,"6":7,"7":7,"8":2,"9":7,"10":11,"11":1,"12":1,"13":1,"14":1,"15":0,"16":11,"17":6,"18":5,"19":8,"20":1},"f":{"0":12,"1":6,"2":7,"3":1,"4":8,"5":1},"b":{"0":[1,0],"1":[6,5],"2":[5,1]},"_coverageSchema":"1a1c01bbd47fc00a2c39e90264f33305004495a9","hash":"97b4fcb89b2f3c3497e32b5d6ba28209dc166e62"}
,"/Users/ana/PUC/sistema_de_saude/frontend/src/services/api.js": {"path":"/Users/ana/PUC/sistema_de_saude/frontend/src/services/api.js","statementMap":{"0":{"start":{"line":3,"column":16},"end":{"line":3,"column":43}},"1":{"start":{"line":5,"column":12},"end":{"line":8,"column":2}},"2":{"start":{"line":10,"column":35},"end":{"line":16,"column":1}},"3":{"start":{"line":11,"column":16},"end":{"line":11,"column":41}},"4":{"start":{"line":12,"column":18},"end":{"line":12,"column":49}},"5":{"start":{"line":13,"column":20},"end":{"line":13,"column":53}},"6":{"start":{"line":14,"column":28},"end":{"line":14,"column":66}},"7":{"start":{"line":15,"column":19},"end":{"line":15,"column":53}},"8":{"start":{"line":18,"column":34},"end":{"line":24,"column":1}},"9":{"start":{"line":19,"column":16},"end":{"line":19,"column":40}},"10":{"start":{"line":20,"column":18},"end":{"line":20,"column":48}},"11":{"start":{"line":21,"column":20},"end":{"line":21,"column":52}},"12":{"start":{"line":22,"column":28},"end":{"line":22,"column":65}},"13":{"start":{"line":23,"column":19},"end":{"line":23,"column":52}},"14":{"start":{"line":26,"column":28},"end":{"line":32,"column":1}},"15":{"start":{"line":27,"column":16},"end":{"line":27,"column":34}},"16":{"start":{"line":28,"column":18},"end":{"line":28,"column":42}},"17":{"start":{"line":29,"column":20},"end":{"line":29,"column":46}},"18":{"start":{"line":30,"column":28},"end":{"line":30,"column":59}},"19":{"start":{"line":31,"column":19},"end":{"line":31,"column":46}}},"fnMap":{"0":{"name":"(anonymous_0)","decl":{"start":{"line":11,"column":10},"end":{"line":11,"column":11}},"loc":{"start":{"line":11,"column":16},"end":{"line":11,"column":41}},"line":11},"1":{"name":"(anonymous_1)","decl":{"start":{"line":12,"column":10},"end":{"line":12,"column":11}},"loc":{"start":{"line":12,"column":18},"end":{"line":12,"column":49}},"line":12},"2":{"name":"(anonymous_2)","decl":{"start":{"line":13,"column":9},"end":{"line":13,"column":10}},"loc":{"start":{"line":13,"column":20},"end":{"line":13,"column":53}},"line":13},"3":{"name":"(anonymous_3)","decl":{"start":{"line":14,"column":13},"end":{"line":14,"column":14}},"loc":{"start":{"line":14,"column":28},"end":{"line":14,"column":66}},"line":14},"4":{"name":"(anonymous_4)","decl":{"start":{"line":15,"column":11},"end":{"line":15,"column":12}},"loc":{"start":{"line":15,"column":19},"end":{"line":15,"column":53}},"line":15},"5":{"name":"(anonymous_5)","decl":{"start":{"line":19,"column":10},"end":{"line":19,"column":11}},"loc":{"start":{"line":19,"column":16},"end":{"line":19,"column":40}},"line":19},"6":{"name":"(anonymous_6)","decl":{"start":{"line":20,"column":10},"end":{"line":20,"column":11}},"loc":{"start":{"line":20,"column":18},"end":{"line":20,"column":48}},"line":20},"7":{"name":"(anonymous_7)","decl":{"start":{"line":21,"column":9},"end":{"line":21,"column":10}},"loc":{"start":{"line":21,"column":20},"end":{"line":21,"column":52}},"line":21},"8":{"name":"(anonymous_8)","decl":{"start":{"line":22,"column":13},"end":{"line":22,"column":14}},"loc":{"start":{"line":22,"column":28},"end":{"line":22,"column":65}},"line":22},"9":{"name":"(anonymous_9)","decl":{"start":{"line":23,"column":11},"end":{"line":23,"column":12}},"loc":{"start":{"line":23,"column":19},"end":{"line":23,"column":52}},"line":23},"10":{"name":"(anonymous_10)","decl":{"start":{"line":27,"column":10},"end":{"line":27,"column":11}},"loc":{"start":{"line":27,"column":16},"end":{"line":27,"column":34}},"line":27},"11":{"name":"(anonymous_11)","decl":{"start":{"line":28,"column":10},"end":{"line":28,"column":11}},"loc":{"start":{"line":28,"column":18},"end":{"line":28,"column":42}},"line":28},"12":{"name":"(anonymous_12)","decl":{"start":{"line":29,"column":9},"end":{"line":29,"column":10}},"loc":{"start":{"line":29,"column":20},"end":{"line":29,"column":46}},"line":29},"13":{"name":"(anonymous_13)","decl":{"start":{"line":30,"column":13},"end":{"line":30,"column":14}},"loc":{"start":{"line":30,"column":28},"end":{"line":30,"column":59}},"line":30},"14":{"name":"(anonymous_14)","decl":{"start":{"line":31,"column":11},"end":{"line":31,"column":12}},"loc":{"start":{"line":31,"column":19},"end":{"line":31,"column":46}},"line":31}},"branchMap":{},"s":{"0":7,"1":7,"2":7,"3":0,"4":0,"5":0,"6":0,"7":0,"8":7,"9":0,"10":0,"11":0,"12":0,"13":0,"14":7,"15":0,"16":0,"17":0,"18":0,"19":0},"f":{"0":0,"1":0,"2":0,"3":0,"4":0,"5":0,"6":0,"7":0,"8":0,"9":0,"10":0,"11":0,"12":0,"13":0,"14":0},"b":{},"_coverageSchema":"1a1c01bbd47fc00a2c39e90264f33305004495a9","hash":"a0b60472651306f38d3684b5fd6959f1901943d8"}
}
