TN:
SF:src/App.js
FN:15,App
FNF:1
FNH:1
FNDA:3,App
DA:16,3
LF:1
LH:1
BRF:0
BRH:0
end_of_record
TN:
SF:src/index.js
FNF:0
FNH:0
DA:5,0
DA:6,0
LF:2
LH:0
BRF:0
BRH:0
end_of_record
TN:
SF:src/components/AtendimentoForm.js
FN:5,AtendimentoForm
FN:21,(anonymous_1)
FN:24,(anonymous_2)
FN:28,(anonymous_3)
FN:33,(anonymous_4)
FN:69,(anonymous_5)
FN:86,(anonymous_6)
FN:103,(anonymous_7)
FN:119,(anonymous_8)
FN:134,(anonymous_9)
FN:149,(anonymous_10)
FN:160,(anonymous_11)
FNF:12
FNH:10
FNDA:24,AtendimentoForm
FNDA:4,(anonymous_1)
FNDA:4,(anonymous_2)
FNDA:1,(anonymous_3)
FNDA:1,(anonymous_4)
FNDA:13,(anonymous_5)
FNDA:1,(anonymous_6)
FNDA:1,(anonymous_7)
FNDA:0,(anonymous_8)
FNDA:0,(anonymous_9)
FNDA:1,(anonymous_10)
FNDA:38,(anonymous_11)
DA:7,24
DA:8,23
DA:10,23
DA:19,23
DA:21,23
DA:23,4
DA:24,4
DA:26,4
DA:27,1
DA:28,1
DA:33,23
DA:35,1
DA:37,1
DA:39,1
DA:40,0
DA:42,1
DA:45,1
DA:48,0
DA:52,23
DA:70,13
DA:87,1
DA:104,1
DA:120,0
DA:135,0
DA:150,1
DA:161,38
LF:26
LH:22
BRDA:26,0,0,1
BRDA:26,0,1,3
BRDA:39,1,0,0
BRDA:39,1,1,1
BRDA:56,2,0,2
BRDA:56,2,1,21
BRDA:148,3,0,23
BRDA:148,3,1,21
BRF:8
BRH:7
end_of_record
TN:
SF:src/components/AtendimentoList.js
FN:5,AtendimentoList
FN:10,(anonymous_1)
FN:14,(anonymous_2)
FN:25,(anonymous_3)
FN:60,(anonymous_4)
FN:77,(anonymous_5)
FNF:6
FNH:6
FNDA:7,AtendimentoList
FNDA:3,(anonymous_1)
FNDA:4,(anonymous_2)
FNDA:1,(anonymous_3)
FNDA:8,(anonymous_4)
FNDA:1,(anonymous_5)
DA:7,7
DA:8,7
DA:10,7
DA:11,3
DA:14,7
DA:15,4
DA:16,4
DA:17,4
DA:19,0
DA:21,4
DA:25,7
DA:26,1
DA:27,1
DA:28,1
DA:32,7
DA:34,4
DA:61,8
DA:77,1
LF:18
LH:17
BRDA:26,0,0,1
BRDA:26,0,1,0
BRDA:32,1,0,3
BRDA:32,1,1,4
BRF:4
BRH:3
end_of_record
TN:
SF:src/components/ExameForm.js
FN:5,ExameForm
FN:18,(anonymous_1)
FN:21,(anonymous_2)
FN:25,(anonymous_3)
FN:30,(anonymous_4)
FN:60,(anonymous_5)
FN:77,(anonymous_6)
FN:93,(anonymous_7)
FN:105,(anonymous_8)
FNF:9
FNH:8
FNDA:19,ExameForm
FNDA:4,(anonymous_1)
FNDA:4,(anonymous_2)
FNDA:1,(anonymous_3)
FNDA:1,(anonymous_4)
FNDA:10,(anonymous_5)
FNDA:0,(anonymous_6)
FNDA:1,(anonymous_7)
FNDA:28,(anonymous_8)
DA:7,19
DA:8,18
DA:10,18
DA:12,18
DA:18,18
DA:20,4
DA:21,4
DA:23,4
DA:24,1
DA:25,1
DA:30,18
DA:32,1
DA:34,1
DA:35,0
DA:37,1
DA:40,1
DA:43,18
DA:61,10
DA:78,0
DA:94,1
DA:106,28
LF:21
LH:19
BRDA:23,0,0,1
BRDA:23,0,1,3
BRDA:34,1,0,0
BRDA:34,1,1,1
BRDA:47,2,0,2
BRDA:47,2,1,16
BRDA:92,3,0,18
BRDA:92,3,1,16
BRF:8
BRH:7
end_of_record
TN:
SF:src/components/ExameList.js
FN:5,ExameList
FN:9,(anonymous_1)
FN:13,(anonymous_2)
FN:18,(anonymous_3)
FN:50,(anonymous_4)
FN:68,(anonymous_5)
FNF:6
FNH:6
FNDA:7,ExameList
FNDA:3,(anonymous_1)
FNDA:4,(anonymous_2)
FNDA:1,(anonymous_3)
FNDA:6,(anonymous_4)
FNDA:1,(anonymous_5)
DA:7,7
DA:9,6
DA:10,3
DA:13,6
DA:14,4
DA:15,4
DA:18,6
DA:19,1
DA:20,1
DA:23,6
DA:51,6
DA:68,1
LF:12
LH:12
BRF:0
BRH:0
end_of_record
TN:
SF:src/components/ProfissionalForm.js
FN:5,ProfissionalForm
FN:18,(anonymous_1)
FN:21,(anonymous_2)
FN:25,(anonymous_3)
FN:60,(anonymous_4)
FN:76,(anonymous_5)
FN:92,(anonymous_6)
FN:108,(anonymous_7)
FN:124,(anonymous_8)
FN:148,(anonymous_9)
FNF:10
FNH:6
FNDA:30,ProfissionalForm
FNDA:4,(anonymous_1)
FNDA:2,(anonymous_2)
FNDA:2,(anonymous_3)
FNDA:23,(anonymous_4)
FNDA:0,(anonymous_5)
FNDA:0,(anonymous_6)
FNDA:0,(anonymous_7)
FNDA:1,(anonymous_8)
FNDA:0,(anonymous_9)
DA:7,30
DA:8,30
DA:10,30
DA:18,30
DA:19,4
DA:20,2
DA:21,2
DA:25,30
DA:26,2
DA:28,2
DA:30,2
DA:31,1
DA:33,1
DA:36,2
DA:39,0
DA:43,30
DA:61,23
DA:77,0
DA:93,0
DA:109,0
DA:125,1
DA:148,0
LF:22
LH:17
BRDA:19,0,0,2
BRDA:19,0,1,2
BRDA:30,1,0,1
BRDA:30,1,1,1
BRDA:47,2,0,18
BRDA:47,2,1,12
BRF:6
BRH:6
end_of_record
TN:
SF:src/components/ProfissionalList.js
FN:5,ProfissionalList
FN:10,(anonymous_1)
FN:14,(anonymous_2)
FN:25,(anonymous_3)
FN:65,(anonymous_4)
FN:82,(anonymous_5)
FNF:6
FNH:6
FNDA:12,ProfissionalList
FNDA:6,(anonymous_1)
FNDA:7,(anonymous_2)
FNDA:1,(anonymous_3)
FNDA:8,(anonymous_4)
FNDA:1,(anonymous_5)
DA:7,12
DA:8,11
DA:10,11
DA:11,6
DA:14,11
DA:15,7
DA:16,7
DA:17,7
DA:19,2
DA:21,7
DA:25,11
DA:26,1
DA:27,1
DA:28,1
DA:29,1
DA:31,0
DA:36,11
DA:38,5
DA:66,8
DA:82,1
LF:20
LH:19
BRDA:26,0,0,1
BRDA:26,0,1,0
BRDA:36,1,0,6
BRDA:36,1,1,5
BRDA:95,2,0,5
BRDA:95,2,1,1
BRF:6
BRH:5
end_of_record
TN:
SF:src/services/api.js
FN:11,(anonymous_0)
FN:12,(anonymous_1)
FN:13,(anonymous_2)
FN:14,(anonymous_3)
FN:15,(anonymous_4)
FN:19,(anonymous_5)
FN:20,(anonymous_6)
FN:21,(anonymous_7)
FN:22,(anonymous_8)
FN:23,(anonymous_9)
FN:27,(anonymous_10)
FN:28,(anonymous_11)
FN:29,(anonymous_12)
FN:30,(anonymous_13)
FN:31,(anonymous_14)
FNF:15
FNH:0
FNDA:0,(anonymous_0)
FNDA:0,(anonymous_1)
FNDA:0,(anonymous_2)
FNDA:0,(anonymous_3)
FNDA:0,(anonymous_4)
FNDA:0,(anonymous_5)
FNDA:0,(anonymous_6)
FNDA:0,(anonymous_7)
FNDA:0,(anonymous_8)
FNDA:0,(anonymous_9)
FNDA:0,(anonymous_10)
FNDA:0,(anonymous_11)
FNDA:0,(anonymous_12)
FNDA:0,(anonymous_13)
FNDA:0,(anonymous_14)
DA:3,7
DA:5,7
DA:10,7
DA:11,0
DA:12,0
DA:13,0
DA:14,0
DA:15,0
DA:18,7
DA:19,0
DA:20,0
DA:21,0
DA:22,0
DA:23,0
DA:26,7
DA:27,0
DA:28,0
DA:29,0
DA:30,0
DA:31,0
LF:20
LH:5
BRF:0
BRH:0
end_of_record
